<?xml version="1.0" encoding="UTF-8" ?>
<testsuite tests="67" failures="0" name="org.apache.http.protocol.TestStandardInterceptors" time="0.178" errors="0" skipped="0">
  <properties>
    <property name="java.runtime.name" value="Java(TM) SE Runtime Environment"/>
    <property name="sun.boot.library.path" value="/Library/Java/JavaVirtualMachines/jdk1.8.0_65.jdk/Contents/Home/jre/lib"/>
    <property name="java.vm.version" value="25.65-b01"/>
    <property name="gopherProxySet" value="false"/>
    <property name="java.vm.vendor" value="Oracle Corporation"/>
    <property name="java.vendor.url" value="http://java.oracle.com/"/>
    <property name="path.separator" value=":"/>
    <property name="java.vm.name" value="Java HotSpot(TM) 64-Bit Server VM"/>
    <property name="file.encoding.pkg" value="sun.io"/>
    <property name="user.country" value="US"/>
    <property name="sun.java.launcher" value="SUN_STANDARD"/>
    <property name="sun.os.patch.level" value="unknown"/>
    <property name="java.vm.specification.name" value="Java Virtual Machine Specification"/>
    <property name="user.dir" value="/Users/winglam/GoogleDrive/research/dt-impact/experiments/experiments/httpcore/httpcore"/>
    <property name="java.runtime.version" value="1.8.0_65-b17"/>
    <property name="java.awt.graphicsenv" value="sun.awt.CGraphicsEnvironment"/>
    <property name="basedir" value="/Users/winglam/GoogleDrive/research/dt-impact/experiments/experiments/httpcore/httpcore"/>
    <property name="java.endorsed.dirs" value="/Library/Java/JavaVirtualMachines/jdk1.8.0_65.jdk/Contents/Home/jre/lib/endorsed"/>
    <property name="os.arch" value="x86_64"/>
    <property name="surefire.real.class.path" value="/var/folders/6p/0pw_5_2s40z8sshjd2wmqt2m0000gn/T/surefirebooter1063944627744615942.jar"/>
    <property name="java.io.tmpdir" value="/var/folders/6p/0pw_5_2s40z8sshjd2wmqt2m0000gn/T/"/>
    <property name="line.separator" value="
"/>
    <property name="java.vm.specification.vendor" value="Oracle Corporation"/>
    <property name="os.name" value="Mac OS X"/>
    <property name="sun.jnu.encoding" value="UTF-8"/>
    <property name="java.library.path" value="/Users/winglam/Library/Java/Extensions:/Library/Java/Extensions:/Network/Library/Java/Extensions:/System/Library/Java/Extensions:/usr/lib/java:."/>
    <property name="surefire.test.class.path" value="/Users/winglam/GoogleDrive/research/dt-impact/experiments/experiments/httpcore/httpcore/target/test-classes:/Users/winglam/GoogleDrive/research/dt-impact/experiments/experiments/httpcore/httpcore/target/classes:/Users/winglam/.m2/repository/junit/junit/4.8.2/junit-4.8.2.jar:/Users/winglam/.m2/repository/org/mockito/mockito-core/1.8.5/mockito-core-1.8.5.jar:/Users/winglam/.m2/repository/org/hamcrest/hamcrest-core/1.1/hamcrest-core-1.1.jar:/Users/winglam/.m2/repository/org/objenesis/objenesis/1.0/objenesis-1.0.jar:"/>
    <property name="java.specification.name" value="Java Platform API Specification"/>
    <property name="java.class.version" value="52.0"/>
    <property name="sun.management.compiler" value="HotSpot 64-Bit Tiered Compilers"/>
    <property name="os.version" value="10.11.3"/>
    <property name="http.nonProxyHosts" value="local|*.local|169.254/16|*.169.254/16"/>
    <property name="user.home" value="/Users/winglam"/>
    <property name="user.timezone" value="America/Chicago"/>
    <property name="java.awt.printerjob" value="sun.lwawt.macosx.CPrinterJob"/>
    <property name="java.specification.version" value="1.8"/>
    <property name="file.encoding" value="UTF-8"/>
    <property name="user.name" value="winglam"/>
    <property name="java.class.path" value="/Users/winglam/GoogleDrive/research/dt-impact/experiments/experiments/httpcore/httpcore/target/test-classes:/Users/winglam/GoogleDrive/research/dt-impact/experiments/experiments/httpcore/httpcore/target/classes:/Users/winglam/.m2/repository/junit/junit/4.8.2/junit-4.8.2.jar:/Users/winglam/.m2/repository/org/mockito/mockito-core/1.8.5/mockito-core-1.8.5.jar:/Users/winglam/.m2/repository/org/hamcrest/hamcrest-core/1.1/hamcrest-core-1.1.jar:/Users/winglam/.m2/repository/org/objenesis/objenesis/1.0/objenesis-1.0.jar:"/>
    <property name="java.vm.specification.version" value="1.8"/>
    <property name="sun.arch.data.model" value="64"/>
    <property name="java.home" value="/Library/Java/JavaVirtualMachines/jdk1.8.0_65.jdk/Contents/Home/jre"/>
    <property name="sun.java.command" value="/var/folders/6p/0pw_5_2s40z8sshjd2wmqt2m0000gn/T/surefirebooter1063944627744615942.jar /var/folders/6p/0pw_5_2s40z8sshjd2wmqt2m0000gn/T/surefire1880379456273181018tmp /var/folders/6p/0pw_5_2s40z8sshjd2wmqt2m0000gn/T/surefire5722760456394118258tmp"/>
    <property name="java.specification.vendor" value="Oracle Corporation"/>
    <property name="user.language" value="en"/>
    <property name="awt.toolkit" value="sun.lwawt.macosx.LWCToolkit"/>
    <property name="java.vm.info" value="mixed mode"/>
    <property name="java.version" value="1.8.0_65"/>
    <property name="java.ext.dirs" value="/Users/winglam/Library/Java/Extensions:/Library/Java/JavaVirtualMachines/jdk1.8.0_65.jdk/Contents/Home/jre/lib/ext:/Library/Java/Extensions:/Network/Library/Java/Extensions:/System/Library/Java/Extensions:/usr/lib/java"/>
    <property name="sun.boot.class.path" value="/Library/Java/JavaVirtualMachines/jdk1.8.0_65.jdk/Contents/Home/jre/lib/resources.jar:/Library/Java/JavaVirtualMachines/jdk1.8.0_65.jdk/Contents/Home/jre/lib/rt.jar:/Library/Java/JavaVirtualMachines/jdk1.8.0_65.jdk/Contents/Home/jre/lib/sunrsasign.jar:/Library/Java/JavaVirtualMachines/jdk1.8.0_65.jdk/Contents/Home/jre/lib/jsse.jar:/Library/Java/JavaVirtualMachines/jdk1.8.0_65.jdk/Contents/Home/jre/lib/jce.jar:/Library/Java/JavaVirtualMachines/jdk1.8.0_65.jdk/Contents/Home/jre/lib/charsets.jar:/Library/Java/JavaVirtualMachines/jdk1.8.0_65.jdk/Contents/Home/jre/lib/jfr.jar:/Library/Java/JavaVirtualMachines/jdk1.8.0_65.jdk/Contents/Home/jre/classes"/>
    <property name="java.vendor" value="Oracle Corporation"/>
    <property name="localRepository" value="/Users/winglam/.m2/repository"/>
    <property name="file.separator" value="/"/>
    <property name="java.vendor.url.bug" value="http://bugreport.sun.com/bugreport/"/>
    <property name="sun.cpu.endian" value="little"/>
    <property name="sun.io.unicode.encoding" value="UnicodeBig"/>
    <property name="socksNonProxyHosts" value="local|*.local|169.254/16|*.169.254/16"/>
    <property name="ftp.nonProxyHosts" value="local|*.local|169.254/16|*.169.254/16"/>
    <property name="sun.cpu.isalist" value=""/>
  </properties>
  <testcase classname="org.apache.http.protocol.TestStandardInterceptors" name="testRequestConnControlGenerated" time="0.004"/>
  <testcase classname="org.apache.http.protocol.TestStandardInterceptors" name="testRequestConnControlConnectMethod" time="0.001"/>
  <testcase classname="org.apache.http.protocol.TestStandardInterceptors" name="testRequestConnControlCustom" time="0"/>
  <testcase classname="org.apache.http.protocol.TestStandardInterceptors" name="testRequestConnControlInvalidInput" time="0"/>
  <testcase classname="org.apache.http.protocol.TestStandardInterceptors" name="testRequestContentProtocolException" time="0.001"/>
  <testcase classname="org.apache.http.protocol.TestStandardInterceptors" name="testRequestContentNullEntity" time="0"/>
  <testcase classname="org.apache.http.protocol.TestStandardInterceptors" name="testRequestContentEntityContentLengthDelimitedHTTP11" time="0.001"/>
  <testcase classname="org.apache.http.protocol.TestStandardInterceptors" name="testRequestContentEntityChunkedHTTP11" time="0"/>
  <testcase classname="org.apache.http.protocol.TestStandardInterceptors" name="testRequestContentEntityUnknownLengthHTTP11" time="0.001"/>
  <testcase classname="org.apache.http.protocol.TestStandardInterceptors" name="testRequestContentEntityChunkedHTTP10" time="0"/>
  <testcase classname="org.apache.http.protocol.TestStandardInterceptors" name="testRequestContentTypeAndEncoding" time="0"/>
  <testcase classname="org.apache.http.protocol.TestStandardInterceptors" name="testRequestContentNullTypeAndEncoding" time="0"/>
  <testcase classname="org.apache.http.protocol.TestStandardInterceptors" name="testRequestContentEntityUnknownLengthHTTP10" time="0"/>
  <testcase classname="org.apache.http.protocol.TestStandardInterceptors" name="testRequestContentInvalidInput" time="0"/>
  <testcase classname="org.apache.http.protocol.TestStandardInterceptors" name="testRequestContentIgnoreNonenclosingRequests" time="0"/>
  <testcase classname="org.apache.http.protocol.TestStandardInterceptors" name="testRequestExpectContinueGenerated" time="0.001"/>
  <testcase classname="org.apache.http.protocol.TestStandardInterceptors" name="testRequestExpectContinueNotGenerated" time="0"/>
  <testcase classname="org.apache.http.protocol.TestStandardInterceptors" name="testRequestExpectContinueHTTP10" time="0"/>
  <testcase classname="org.apache.http.protocol.TestStandardInterceptors" name="testRequestExpectContinueZeroContent" time="0"/>
  <testcase classname="org.apache.http.protocol.TestStandardInterceptors" name="testRequestExpectContinueInvalidInput" time="0.001"/>
  <testcase classname="org.apache.http.protocol.TestStandardInterceptors" name="testRequestExpectContinueIgnoreNonenclosingRequests" time="0.001"/>
  <testcase classname="org.apache.http.protocol.TestStandardInterceptors" name="testRequestTargetHostGenerated" time="0.002"/>
  <testcase classname="org.apache.http.protocol.TestStandardInterceptors" name="testRequestTargetHostFallback" time="0.108"/>
  <testcase classname="org.apache.http.protocol.TestStandardInterceptors" name="testRequestTargetHostFallbackFailure" time="0.001"/>
  <testcase classname="org.apache.http.protocol.TestStandardInterceptors" name="testRequestTargetHostNotGenerated" time="0"/>
  <testcase classname="org.apache.http.protocol.TestStandardInterceptors" name="testRequestTargetHostMissingHostHTTP10" time="0"/>
  <testcase classname="org.apache.http.protocol.TestStandardInterceptors" name="testRequestTargetHostMissingHostHTTP11" time="0"/>
  <testcase classname="org.apache.http.protocol.TestStandardInterceptors" name="testRequestTargetHostInvalidInput" time="0"/>
  <testcase classname="org.apache.http.protocol.TestStandardInterceptors" name="testRequestTargetHostConnectHttp11" time="0"/>
  <testcase classname="org.apache.http.protocol.TestStandardInterceptors" name="testRequestTargetHostConnectHttp10" time="0.001"/>
  <testcase classname="org.apache.http.protocol.TestStandardInterceptors" name="testRequestUserAgentGenerated" time="0.001"/>
  <testcase classname="org.apache.http.protocol.TestStandardInterceptors" name="testRequestUserAgentNotGenerated" time="0"/>
  <testcase classname="org.apache.http.protocol.TestStandardInterceptors" name="testRequestUserAgentMissingUserAgent" time="0"/>
  <testcase classname="org.apache.http.protocol.TestStandardInterceptors" name="testRequestUserAgentInvalidInput" time="0.001"/>
  <testcase classname="org.apache.http.protocol.TestStandardInterceptors" name="testResponseConnControlNoEntity" time="0.001"/>
  <testcase classname="org.apache.http.protocol.TestStandardInterceptors" name="testResponseConnControlEntityContentLength" time="0"/>
  <testcase classname="org.apache.http.protocol.TestStandardInterceptors" name="testResponseConnControlEntityUnknownContentLength" time="0"/>
  <testcase classname="org.apache.http.protocol.TestStandardInterceptors" name="testResponseConnControlEntityChunked" time="0"/>
  <testcase classname="org.apache.http.protocol.TestStandardInterceptors" name="testResponseConnControlEntityUnknownContentLengthHTTP10" time="0"/>
  <testcase classname="org.apache.http.protocol.TestStandardInterceptors" name="testResponseConnControlClientRequest" time="0"/>
  <testcase classname="org.apache.http.protocol.TestStandardInterceptors" name="testResponseConnControlClientRequest2" time="0"/>
  <testcase classname="org.apache.http.protocol.TestStandardInterceptors" name="testResponseConnControlStatusCode" time="0"/>
  <testcase classname="org.apache.http.protocol.TestStandardInterceptors" name="testResponseConnControlHostInvalidInput" time="0.001"/>
  <testcase classname="org.apache.http.protocol.TestStandardInterceptors" name="testResponseContentNoEntity" time="0"/>
  <testcase classname="org.apache.http.protocol.TestStandardInterceptors" name="testResponseContentStatusNoContent" time="0"/>
  <testcase classname="org.apache.http.protocol.TestStandardInterceptors" name="testResponseContentStatusResetContent" time="0"/>
  <testcase classname="org.apache.http.protocol.TestStandardInterceptors" name="testResponseContentStatusNotModified" time="0"/>
  <testcase classname="org.apache.http.protocol.TestStandardInterceptors" name="testResponseContentEntityChunked" time="0"/>
  <testcase classname="org.apache.http.protocol.TestStandardInterceptors" name="testResponseContentEntityContentLenghtDelimited" time="0"/>
  <testcase classname="org.apache.http.protocol.TestStandardInterceptors" name="testResponseContentEntityUnknownContentLength" time="0"/>
  <testcase classname="org.apache.http.protocol.TestStandardInterceptors" name="testResponseContentEntityChunkedHTTP10" time="0"/>
  <testcase classname="org.apache.http.protocol.TestStandardInterceptors" name="testResponseContentEntityNoContentTypeAndEncoding" time="0"/>
  <testcase classname="org.apache.http.protocol.TestStandardInterceptors" name="testResponseContentEntityContentTypeAndEncoding" time="0"/>
  <testcase classname="org.apache.http.protocol.TestStandardInterceptors" name="testResponseContentInvalidInput" time="0"/>
  <testcase classname="org.apache.http.protocol.TestStandardInterceptors" name="testResponseContentInvalidResponseState" time="0"/>
  <testcase classname="org.apache.http.protocol.TestStandardInterceptors" name="testResponseContentOverwriteHeaders" time="0"/>
  <testcase classname="org.apache.http.protocol.TestStandardInterceptors" name="testResponseContentAddHeaders" time="0"/>
  <testcase classname="org.apache.http.protocol.TestStandardInterceptors" name="testResponseDateGenerated" time="0.013"/>
  <testcase classname="org.apache.http.protocol.TestStandardInterceptors" name="testResponseDateNotGenerated" time="0"/>
  <testcase classname="org.apache.http.protocol.TestStandardInterceptors" name="testResponseDateInvalidInput" time="0"/>
  <testcase classname="org.apache.http.protocol.TestStandardInterceptors" name="testRequestDateGenerated" time="0"/>
  <testcase classname="org.apache.http.protocol.TestStandardInterceptors" name="testRequestDateNotGenerated" time="0.001"/>
  <testcase classname="org.apache.http.protocol.TestStandardInterceptors" name="testRequestDateInvalidInput" time="0"/>
  <testcase classname="org.apache.http.protocol.TestStandardInterceptors" name="testResponseServerGenerated" time="0"/>
  <testcase classname="org.apache.http.protocol.TestStandardInterceptors" name="testResponseServerNotGenerated" time="0"/>
  <testcase classname="org.apache.http.protocol.TestStandardInterceptors" name="testResponseServerMissing" time="0"/>
  <testcase classname="org.apache.http.protocol.TestStandardInterceptors" name="testResponseServerInvalidInput" time="0"/>
</testsuite>