<?xml version="1.0" encoding="UTF-8"?>
<testsuite name="org.apache.hc.core5.http.protocol.TestStandardInterceptors" time="0.012" tests="78" errors="0" skipped="0" failures="0">
  <properties>
    <property name="java.runtime.name" value="Java(TM) SE Runtime Environment"/>
    <property name="sun.boot.library.path" value="/Library/Java/JavaVirtualMachines/jdk1.8.0_65.jdk/Contents/Home/jre/lib"/>
    <property name="java.vm.version" value="25.65-b01"/>
    <property name="gopherProxySet" value="false"/>
    <property name="java.vm.vendor" value="Oracle Corporation"/>
    <property name="maven.multiModuleProjectDirectory" value="/Users/winglam/GoogleDrive/research/dt-impact/experiments/experiments/httpcore"/>
    <property name="java.vendor.url" value="http://java.oracle.com/"/>
    <property name="path.separator" value=":"/>
    <property name="guice.disable.misplaced.annotation.check" value="true"/>
    <property name="java.vm.name" value="Java HotSpot(TM) 64-Bit Server VM"/>
    <property name="file.encoding.pkg" value="sun.io"/>
    <property name="user.country" value="US"/>
    <property name="sun.java.launcher" value="SUN_STANDARD"/>
    <property name="sun.os.patch.level" value="unknown"/>
    <property name="java.vm.specification.name" value="Java Virtual Machine Specification"/>
    <property name="user.dir" value="/Users/winglam/GoogleDrive/research/dt-impact/experiments/experiments/httpcore"/>
    <property name="java.runtime.version" value="1.8.0_65-b17"/>
    <property name="java.awt.graphicsenv" value="sun.awt.CGraphicsEnvironment"/>
    <property name="java.endorsed.dirs" value="/Library/Java/JavaVirtualMachines/jdk1.8.0_65.jdk/Contents/Home/jre/lib/endorsed"/>
    <property name="os.arch" value="x86_64"/>
    <property name="java.io.tmpdir" value="/var/folders/6p/0pw_5_2s40z8sshjd2wmqt2m0000gn/T/"/>
    <property name="line.separator" value="&#10;"/>
    <property name="java.vm.specification.vendor" value="Oracle Corporation"/>
    <property name="os.name" value="Mac OS X"/>
    <property name="classworlds.conf" value="/usr/local/Cellar/maven/3.3.3/libexec/bin/m2.conf"/>
    <property name="sun.jnu.encoding" value="UTF-8"/>
    <property name="java.library.path" value="/Users/winglam/Library/Java/Extensions:/Library/Java/Extensions:/Network/Library/Java/Extensions:/System/Library/Java/Extensions:/usr/lib/java:."/>
    <property name="java.specification.name" value="Java Platform API Specification"/>
    <property name="java.class.version" value="52.0"/>
    <property name="sun.management.compiler" value="HotSpot 64-Bit Tiered Compilers"/>
    <property name="os.version" value="10.11.3"/>
    <property name="http.nonProxyHosts" value="local|*.local|169.254/16|*.169.254/16"/>
    <property name="user.home" value="/Users/winglam"/>
    <property name="user.timezone" value="America/Chicago"/>
    <property name="java.awt.printerjob" value="sun.lwawt.macosx.CPrinterJob"/>
    <property name="java.specification.version" value="1.8"/>
    <property name="file.encoding" value="UTF-8"/>
    <property name="user.name" value="winglam"/>
    <property name="java.class.path" value="/usr/local/Cellar/maven/3.3.3/libexec/boot/plexus-classworlds-2.5.2.jar"/>
    <property name="java.vm.specification.version" value="1.8"/>
    <property name="sun.arch.data.model" value="64"/>
    <property name="java.home" value="/Library/Java/JavaVirtualMachines/jdk1.8.0_65.jdk/Contents/Home/jre"/>
    <property name="sun.java.command" value="org.codehaus.plexus.classworlds.launcher.Launcher install"/>
    <property name="java.specification.vendor" value="Oracle Corporation"/>
    <property name="user.language" value="en"/>
    <property name="awt.toolkit" value="sun.lwawt.macosx.LWCToolkit"/>
    <property name="java.vm.info" value="mixed mode"/>
    <property name="java.version" value="1.8.0_65"/>
    <property name="java.ext.dirs" value="/Users/winglam/Library/Java/Extensions:/Library/Java/JavaVirtualMachines/jdk1.8.0_65.jdk/Contents/Home/jre/lib/ext:/Library/Java/Extensions:/Network/Library/Java/Extensions:/System/Library/Java/Extensions:/usr/lib/java"/>
    <property name="sun.boot.class.path" value="/Library/Java/JavaVirtualMachines/jdk1.8.0_65.jdk/Contents/Home/jre/lib/resources.jar:/Library/Java/JavaVirtualMachines/jdk1.8.0_65.jdk/Contents/Home/jre/lib/rt.jar:/Library/Java/JavaVirtualMachines/jdk1.8.0_65.jdk/Contents/Home/jre/lib/sunrsasign.jar:/Library/Java/JavaVirtualMachines/jdk1.8.0_65.jdk/Contents/Home/jre/lib/jsse.jar:/Library/Java/JavaVirtualMachines/jdk1.8.0_65.jdk/Contents/Home/jre/lib/jce.jar:/Library/Java/JavaVirtualMachines/jdk1.8.0_65.jdk/Contents/Home/jre/lib/charsets.jar:/Library/Java/JavaVirtualMachines/jdk1.8.0_65.jdk/Contents/Home/jre/lib/jfr.jar:/Library/Java/JavaVirtualMachines/jdk1.8.0_65.jdk/Contents/Home/jre/classes"/>
    <property name="java.vendor" value="Oracle Corporation"/>
    <property name="maven.home" value="/usr/local/Cellar/maven/3.3.3/libexec"/>
    <property name="file.separator" value="/"/>
    <property name="java.vendor.url.bug" value="http://bugreport.sun.com/bugreport/"/>
    <property name="sun.cpu.endian" value="little"/>
    <property name="sun.io.unicode.encoding" value="UnicodeBig"/>
    <property name="socksNonProxyHosts" value="local|*.local|169.254/16|*.169.254/16"/>
    <property name="ftp.nonProxyHosts" value="local|*.local|169.254/16|*.169.254/16"/>
    <property name="sun.cpu.isalist" value=""/>
  </properties>
  <testcase name="testRequestUserAgentNotGenerated" classname="org.apache.hc.core5.http.protocol.TestStandardInterceptors" time="0"/>
  <testcase name="testRequestHttpHostHeaderNoPort" classname="org.apache.hc.core5.http.protocol.TestStandardInterceptors" time="0"/>
  <testcase name="testRequestUserAgentInvalidInput" classname="org.apache.hc.core5.http.protocol.TestStandardInterceptors" time="0"/>
  <testcase name="testResponseContentEntityContentLenghtDelimited" classname="org.apache.hc.core5.http.protocol.TestStandardInterceptors" time="0"/>
  <testcase name="testResponseConnControlStatusCode" classname="org.apache.hc.core5.http.protocol.TestStandardInterceptors" time="0"/>
  <testcase name="testRequestUserAgentGenerated" classname="org.apache.hc.core5.http.protocol.TestStandardInterceptors" time="0"/>
  <testcase name="testResponseContentEntityNoContentTypeAndEncoding" classname="org.apache.hc.core5.http.protocol.TestStandardInterceptors" time="0"/>
  <testcase name="testResponseContentStatusResetContent" classname="org.apache.hc.core5.http.protocol.TestStandardInterceptors" time="0"/>
  <testcase name="testResponseContentStatusNoContent" classname="org.apache.hc.core5.http.protocol.TestStandardInterceptors" time="0"/>
  <testcase name="testRequestConnControlInvalidInput" classname="org.apache.hc.core5.http.protocol.TestStandardInterceptors" time="0"/>
  <testcase name="testResponseConnControlEntityContentLength" classname="org.apache.hc.core5.http.protocol.TestStandardInterceptors" time="0"/>
  <testcase name="testRequestHttp11HostHeaderAbsent" classname="org.apache.hc.core5.http.protocol.TestStandardInterceptors" time="0"/>
  <testcase name="testRequestTargetHostConnectHttp10" classname="org.apache.hc.core5.http.protocol.TestStandardInterceptors" time="0"/>
  <testcase name="testRequestTargetHostConnectHttp11" classname="org.apache.hc.core5.http.protocol.TestStandardInterceptors" time="0"/>
  <testcase name="testRequestContentEntityContentLengthDelimitedHTTP11" classname="org.apache.hc.core5.http.protocol.TestStandardInterceptors" time="0"/>
  <testcase name="testRequestContentEntityUnknownLengthHTTP10" classname="org.apache.hc.core5.http.protocol.TestStandardInterceptors" time="0"/>
  <testcase name="testRequestContentEntityUnknownLengthHTTP11" classname="org.apache.hc.core5.http.protocol.TestStandardInterceptors" time="0"/>
  <testcase name="testRequestTargetHostMissingHostHTTP10" classname="org.apache.hc.core5.http.protocol.TestStandardInterceptors" time="0"/>
  <testcase name="testRequestTargetHostMissingHostHTTP11" classname="org.apache.hc.core5.http.protocol.TestStandardInterceptors" time="0"/>
  <testcase name="testResponseContentOverwriteHeaders" classname="org.apache.hc.core5.http.protocol.TestStandardInterceptors" time="0"/>
  <testcase name="testRequestContentOverwriteHeaders" classname="org.apache.hc.core5.http.protocol.TestStandardInterceptors" time="0"/>
  <testcase name="testResponseConnControl10Client11Response" classname="org.apache.hc.core5.http.protocol.TestStandardInterceptors" time="0"/>
  <testcase name="testRequestExpectContinueZeroContent" classname="org.apache.hc.core5.http.protocol.TestStandardInterceptors" time="0"/>
  <testcase name="testRequestTargetHostNotGenerated" classname="org.apache.hc.core5.http.protocol.TestStandardInterceptors" time="0"/>
  <testcase name="testResponseContentEntityChunked" classname="org.apache.hc.core5.http.protocol.TestStandardInterceptors" time="0"/>
  <testcase name="testRequestContentProtocolException" classname="org.apache.hc.core5.http.protocol.TestStandardInterceptors" time="0"/>
  <testcase name="testResponseContentInvalidInput" classname="org.apache.hc.core5.http.protocol.TestStandardInterceptors" time="0"/>
  <testcase name="testRequestTargetHostInvalidInput" classname="org.apache.hc.core5.http.protocol.TestStandardInterceptors" time="0"/>
  <testcase name="testRequestExpectContinueGenerated" classname="org.apache.hc.core5.http.protocol.TestStandardInterceptors" time="0"/>
  <testcase name="testRequestExpectContinueInvalidInput" classname="org.apache.hc.core5.http.protocol.TestStandardInterceptors" time="0"/>
  <testcase name="testResponseDateNotGenerated" classname="org.apache.hc.core5.http.protocol.TestStandardInterceptors" time="0"/>
  <testcase name="testRequestHttpHostHeader" classname="org.apache.hc.core5.http.protocol.TestStandardInterceptors" time="0.001"/>
  <testcase name="testResponseDateInvalidInput" classname="org.apache.hc.core5.http.protocol.TestStandardInterceptors" time="0"/>
  <testcase name="testRequestDateGenerated" classname="org.apache.hc.core5.http.protocol.TestStandardInterceptors" time="0"/>
  <testcase name="testRequestExpectContinueIgnoreNonenclosingRequests" classname="org.apache.hc.core5.http.protocol.TestStandardInterceptors" time="0"/>
  <testcase name="testResponseConnControlEntityChunked" classname="org.apache.hc.core5.http.protocol.TestStandardInterceptors" time="0"/>
  <testcase name="testRequestContentEntityChunkedHTTP10" classname="org.apache.hc.core5.http.protocol.TestStandardInterceptors" time="0"/>
  <testcase name="testRequestContentEntityChunkedHTTP11" classname="org.apache.hc.core5.http.protocol.TestStandardInterceptors" time="0.003"/>
  <testcase name="testResponseServerNotGenerated" classname="org.apache.hc.core5.http.protocol.TestStandardInterceptors" time="0"/>
  <testcase name="testRequestContentInvalidInput" classname="org.apache.hc.core5.http.protocol.TestStandardInterceptors" time="0"/>
  <testcase name="testRequestContentNullEntity" classname="org.apache.hc.core5.http.protocol.TestStandardInterceptors" time="0"/>
  <testcase name="testResponseServerInvalidInput" classname="org.apache.hc.core5.http.protocol.TestStandardInterceptors" time="0"/>
  <testcase name="testResponseContentEntityUnknownContentLength" classname="org.apache.hc.core5.http.protocol.TestStandardInterceptors" time="0"/>
  <testcase name="testResponseConnControlHostInvalidInput" classname="org.apache.hc.core5.http.protocol.TestStandardInterceptors" time="0"/>
  <testcase name="testResponseContentStatusNotModified" classname="org.apache.hc.core5.http.protocol.TestStandardInterceptors" time="0"/>
  <testcase name="testResponseContentAddHeaders" classname="org.apache.hc.core5.http.protocol.TestStandardInterceptors" time="0"/>
  <testcase name="testResponseServerGenerated" classname="org.apache.hc.core5.http.protocol.TestStandardInterceptors" time="0"/>
  <testcase name="testResponseConnControlEntityUnknownContentLength" classname="org.apache.hc.core5.http.protocol.TestStandardInterceptors" time="0"/>
  <testcase name="testRequestConnControlGenerated" classname="org.apache.hc.core5.http.protocol.TestStandardInterceptors" time="0"/>
  <testcase name="testResponseContentInvalidResponseState" classname="org.apache.hc.core5.http.protocol.TestStandardInterceptors" time="0"/>
  <testcase name="testRequestDateNotGenerated" classname="org.apache.hc.core5.http.protocol.TestStandardInterceptors" time="0"/>
  <testcase name="testResponseConnControlNoEntity" classname="org.apache.hc.core5.http.protocol.TestStandardInterceptors" time="0"/>
  <testcase name="testRequestDateInvalidInput" classname="org.apache.hc.core5.http.protocol.TestStandardInterceptors" time="0"/>
  <testcase name="testRequestExpectContinueHTTP10" classname="org.apache.hc.core5.http.protocol.TestStandardInterceptors" time="0"/>
  <testcase name="testRequestTargetHostFallback" classname="org.apache.hc.core5.http.protocol.TestStandardInterceptors" time="0.006"/>
  <testcase name="testRequestContentNullTypeAndEncoding" classname="org.apache.hc.core5.http.protocol.TestStandardInterceptors" time="0"/>
  <testcase name="testRequestContentAddHeaders" classname="org.apache.hc.core5.http.protocol.TestStandardInterceptors" time="0"/>
  <testcase name="testRequestContentIgnoreNonenclosingRequests" classname="org.apache.hc.core5.http.protocol.TestStandardInterceptors" time="0"/>
  <testcase name="testRequestHttp11MultipleHostHeaders" classname="org.apache.hc.core5.http.protocol.TestStandardInterceptors" time="0"/>
  <testcase name="testRequestConnControlConnectMethod" classname="org.apache.hc.core5.http.protocol.TestStandardInterceptors" time="0"/>
  <testcase name="testRequestConnControlCustom" classname="org.apache.hc.core5.http.protocol.TestStandardInterceptors" time="0"/>
  <testcase name="testRequestTargetHostGenerated" classname="org.apache.hc.core5.http.protocol.TestStandardInterceptors" time="0"/>
  <testcase name="testRequestTargetHostFallbackFailure" classname="org.apache.hc.core5.http.protocol.TestStandardInterceptors" time="0.001"/>
  <testcase name="testResponseConnControlClientRequest2" classname="org.apache.hc.core5.http.protocol.TestStandardInterceptors" time="0"/>
  <testcase name="testResponseContentEntityChunkedHTTP10" classname="org.apache.hc.core5.http.protocol.TestStandardInterceptors" time="0"/>
  <testcase name="testResponseContentEntityContentTypeAndEncoding" classname="org.apache.hc.core5.http.protocol.TestStandardInterceptors" time="0"/>
  <testcase name="testRequestContentTypeAndEncoding" classname="org.apache.hc.core5.http.protocol.TestStandardInterceptors" time="0"/>
  <testcase name="testResponseContentEntityWithTrailers" classname="org.apache.hc.core5.http.protocol.TestStandardInterceptors" time="0.001"/>
  <testcase name="testResponseContentNoEntity" classname="org.apache.hc.core5.http.protocol.TestStandardInterceptors" time="0"/>
  <testcase name="testRequestHttp10HostHeaderAbsent" classname="org.apache.hc.core5.http.protocol.TestStandardInterceptors" time="0"/>
  <testcase name="testResponseConnControlEntityUnknownContentLengthHTTP10" classname="org.apache.hc.core5.http.protocol.TestStandardInterceptors" time="0"/>
  <testcase name="testResponseConnControlClientRequest" classname="org.apache.hc.core5.http.protocol.TestStandardInterceptors" time="0"/>
  <testcase name="testRequestHttp11HostHeaderPresent" classname="org.apache.hc.core5.http.protocol.TestStandardInterceptors" time="0"/>
  <testcase name="testResponseConnControlExplicitClose" classname="org.apache.hc.core5.http.protocol.TestStandardInterceptors" time="0"/>
  <testcase name="testResponseDateGenerated" classname="org.apache.hc.core5.http.protocol.TestStandardInterceptors" time="0"/>
  <testcase name="testResponseServerMissing" classname="org.apache.hc.core5.http.protocol.TestStandardInterceptors" time="0"/>
  <testcase name="testRequestUserAgentMissingUserAgent" classname="org.apache.hc.core5.http.protocol.TestStandardInterceptors" time="0"/>
  <testcase name="testRequestContentEntityWithTrailers" classname="org.apache.hc.core5.http.protocol.TestStandardInterceptors" time="0"/>
</testsuite>