<?xml version="1.0" encoding="UTF-8"?>
<testsuite name="org.apache.hc.core5.http.impl.nio.TestHttpAsyncService" time="0.073" tests="47" errors="0" skipped="0" failures="0">
  <properties>
    <property name="java.runtime.name" value="Java(TM) SE Runtime Environment"/>
    <property name="sun.boot.library.path" value="/Library/Java/JavaVirtualMachines/jdk1.8.0_65.jdk/Contents/Home/jre/lib"/>
    <property name="java.vm.version" value="25.65-b01"/>
    <property name="gopherProxySet" value="false"/>
    <property name="java.vm.vendor" value="Oracle Corporation"/>
    <property name="maven.multiModuleProjectDirectory" value="/Users/winglam/GoogleDrive/research/dt-impact/experiments/experiments/httpcore"/>
    <property name="java.vendor.url" value="http://java.oracle.com/"/>
    <property name="path.separator" value=":"/>
    <property name="guice.disable.misplaced.annotation.check" value="true"/>
    <property name="java.vm.name" value="Java HotSpot(TM) 64-Bit Server VM"/>
    <property name="file.encoding.pkg" value="sun.io"/>
    <property name="user.country" value="US"/>
    <property name="sun.java.launcher" value="SUN_STANDARD"/>
    <property name="sun.os.patch.level" value="unknown"/>
    <property name="java.vm.specification.name" value="Java Virtual Machine Specification"/>
    <property name="user.dir" value="/Users/winglam/GoogleDrive/research/dt-impact/experiments/experiments/httpcore"/>
    <property name="java.runtime.version" value="1.8.0_65-b17"/>
    <property name="java.awt.graphicsenv" value="sun.awt.CGraphicsEnvironment"/>
    <property name="java.endorsed.dirs" value="/Library/Java/JavaVirtualMachines/jdk1.8.0_65.jdk/Contents/Home/jre/lib/endorsed"/>
    <property name="os.arch" value="x86_64"/>
    <property name="java.io.tmpdir" value="/var/folders/6p/0pw_5_2s40z8sshjd2wmqt2m0000gn/T/"/>
    <property name="line.separator" value="&#10;"/>
    <property name="java.vm.specification.vendor" value="Oracle Corporation"/>
    <property name="os.name" value="Mac OS X"/>
    <property name="classworlds.conf" value="/usr/local/Cellar/maven/3.3.3/libexec/bin/m2.conf"/>
    <property name="sun.jnu.encoding" value="UTF-8"/>
    <property name="java.library.path" value="/Users/winglam/Library/Java/Extensions:/Library/Java/Extensions:/Network/Library/Java/Extensions:/System/Library/Java/Extensions:/usr/lib/java:."/>
    <property name="java.specification.name" value="Java Platform API Specification"/>
    <property name="java.class.version" value="52.0"/>
    <property name="sun.management.compiler" value="HotSpot 64-Bit Tiered Compilers"/>
    <property name="os.version" value="10.11.3"/>
    <property name="http.nonProxyHosts" value="local|*.local|169.254/16|*.169.254/16"/>
    <property name="user.home" value="/Users/winglam"/>
    <property name="user.timezone" value="America/Chicago"/>
    <property name="java.awt.printerjob" value="sun.lwawt.macosx.CPrinterJob"/>
    <property name="java.specification.version" value="1.8"/>
    <property name="file.encoding" value="UTF-8"/>
    <property name="user.name" value="winglam"/>
    <property name="java.class.path" value="/usr/local/Cellar/maven/3.3.3/libexec/boot/plexus-classworlds-2.5.2.jar"/>
    <property name="java.vm.specification.version" value="1.8"/>
    <property name="sun.arch.data.model" value="64"/>
    <property name="java.home" value="/Library/Java/JavaVirtualMachines/jdk1.8.0_65.jdk/Contents/Home/jre"/>
    <property name="sun.java.command" value="org.codehaus.plexus.classworlds.launcher.Launcher install"/>
    <property name="java.specification.vendor" value="Oracle Corporation"/>
    <property name="user.language" value="en"/>
    <property name="awt.toolkit" value="sun.lwawt.macosx.LWCToolkit"/>
    <property name="java.vm.info" value="mixed mode"/>
    <property name="java.version" value="1.8.0_65"/>
    <property name="java.ext.dirs" value="/Users/winglam/Library/Java/Extensions:/Library/Java/JavaVirtualMachines/jdk1.8.0_65.jdk/Contents/Home/jre/lib/ext:/Library/Java/Extensions:/Network/Library/Java/Extensions:/System/Library/Java/Extensions:/usr/lib/java"/>
    <property name="sun.boot.class.path" value="/Library/Java/JavaVirtualMachines/jdk1.8.0_65.jdk/Contents/Home/jre/lib/resources.jar:/Library/Java/JavaVirtualMachines/jdk1.8.0_65.jdk/Contents/Home/jre/lib/rt.jar:/Library/Java/JavaVirtualMachines/jdk1.8.0_65.jdk/Contents/Home/jre/lib/sunrsasign.jar:/Library/Java/JavaVirtualMachines/jdk1.8.0_65.jdk/Contents/Home/jre/lib/jsse.jar:/Library/Java/JavaVirtualMachines/jdk1.8.0_65.jdk/Contents/Home/jre/lib/jce.jar:/Library/Java/JavaVirtualMachines/jdk1.8.0_65.jdk/Contents/Home/jre/lib/charsets.jar:/Library/Java/JavaVirtualMachines/jdk1.8.0_65.jdk/Contents/Home/jre/lib/jfr.jar:/Library/Java/JavaVirtualMachines/jdk1.8.0_65.jdk/Contents/Home/jre/classes"/>
    <property name="java.vendor" value="Oracle Corporation"/>
    <property name="maven.home" value="/usr/local/Cellar/maven/3.3.3/libexec"/>
    <property name="file.separator" value="/"/>
    <property name="java.vendor.url.bug" value="http://bugreport.sun.com/bugreport/"/>
    <property name="sun.cpu.endian" value="little"/>
    <property name="sun.io.unicode.encoding" value="UnicodeBig"/>
    <property name="socksNonProxyHosts" value="local|*.local|169.254/16|*.169.254/16"/>
    <property name="ftp.nonProxyHosts" value="local|*.local|169.254/16|*.169.254/16"/>
    <property name="sun.cpu.isalist" value=""/>
  </properties>
  <testcase name="testRequestContentCompleted" classname="org.apache.hc.core5.http.impl.nio.TestHttpAsyncService" time="0.015"/>
  <testcase name="testEndOfInput" classname="org.apache.hc.core5.http.impl.nio.TestHttpAsyncService" time="0.001"/>
  <testcase name="testRequestExpectationNoHandshakeIfMoreInputAvailable" classname="org.apache.hc.core5.http.impl.nio.TestHttpAsyncService" time="0.003"/>
  <testcase name="testBasicResponseNoKeepAlive" classname="org.apache.hc.core5.http.impl.nio.TestHttpAsyncService" time="0.002"/>
  <testcase name="testResponseFailedExpectation" classname="org.apache.hc.core5.http.impl.nio.TestHttpAsyncService" time="0"/>
  <testcase name="testResponseToHead" classname="org.apache.hc.core5.http.impl.nio.TestHttpAsyncService" time="0.001"/>
  <testcase name="testRequestContentEarlyResponse" classname="org.apache.hc.core5.http.impl.nio.TestHttpAsyncService" time="0"/>
  <testcase name="testResponseContentCompletedNoKeepAlive" classname="org.apache.hc.core5.http.impl.nio.TestHttpAsyncService" time="0.001"/>
  <testcase name="testResponseTrigger" classname="org.apache.hc.core5.http.impl.nio.TestHttpAsyncService" time="0.001"/>
  <testcase name="testBasicResponseWithPipelining" classname="org.apache.hc.core5.http.impl.nio.TestHttpAsyncService" time="0.002"/>
  <testcase name="testTimeoutActiveConnection" classname="org.apache.hc.core5.http.impl.nio.TestHttpAsyncService" time="0.001"/>
  <testcase name="testResponseContinue" classname="org.apache.hc.core5.http.impl.nio.TestHttpAsyncService" time="0.001"/>
  <testcase name="testRequestExpectationNoHandshakeIfPipelineNotEmpty" classname="org.apache.hc.core5.http.impl.nio.TestHttpAsyncService" time="0.001"/>
  <testcase name="testEntityEnclosingRequest" classname="org.apache.hc.core5.http.impl.nio.TestHttpAsyncService" time="0.004"/>
  <testcase name="testExceptionHandlingNoState" classname="org.apache.hc.core5.http.impl.nio.TestHttpAsyncService" time="0.001"/>
  <testcase name="testBasicRequest" classname="org.apache.hc.core5.http.impl.nio.TestHttpAsyncService" time="0.002"/>
  <testcase name="testExceptionHandlingRuntimeException" classname="org.apache.hc.core5.http.impl.nio.TestHttpAsyncService" time="0.002"/>
  <testcase name="testBasicResponse" classname="org.apache.hc.core5.http.impl.nio.TestHttpAsyncService" time="0.001"/>
  <testcase name="testConnected" classname="org.apache.hc.core5.http.impl.nio.TestHttpAsyncService" time="0.001"/>
  <testcase name="testResponseTriggerInvalidResponseProducer" classname="org.apache.hc.core5.http.impl.nio.TestHttpAsyncService" time="0"/>
  <testcase name="testEntityEnclosingResponse" classname="org.apache.hc.core5.http.impl.nio.TestHttpAsyncService" time="0.001"/>
  <testcase name="testRequestPipelineIfResponseInitiated" classname="org.apache.hc.core5.http.impl.nio.TestHttpAsyncService" time="0.001"/>
  <testcase name="testResponsePipelinedEmpty" classname="org.apache.hc.core5.http.impl.nio.TestHttpAsyncService" time="0.001"/>
  <testcase name="testEntityEnclosingRequestContinueWithoutVerification" classname="org.apache.hc.core5.http.impl.nio.TestHttpAsyncService" time="0.001"/>
  <testcase name="testHttpExceptionHandling" classname="org.apache.hc.core5.http.impl.nio.TestHttpAsyncService" time="0.001"/>
  <testcase name="testResponseNotModified" classname="org.apache.hc.core5.http.impl.nio.TestHttpAsyncService" time="0.002"/>
  <testcase name="testRequestPipelineIfPipelineNotEmpty" classname="org.apache.hc.core5.http.impl.nio.TestHttpAsyncService" time="0.002"/>
  <testcase name="testRequestNoMatchingHandler" classname="org.apache.hc.core5.http.impl.nio.TestHttpAsyncService" time="0.002"/>
  <testcase name="testHttpExceptionHandlingResponseSubmitted" classname="org.apache.hc.core5.http.impl.nio.TestHttpAsyncService" time="0.002"/>
  <testcase name="testRequestExpectationFailed" classname="org.apache.hc.core5.http.impl.nio.TestHttpAsyncService" time="0"/>
  <testcase name="testRequestExpectationFailedInvalidResponseProducer" classname="org.apache.hc.core5.http.impl.nio.TestHttpAsyncService" time="0.001"/>
  <testcase name="testClosed" classname="org.apache.hc.core5.http.impl.nio.TestHttpAsyncService" time="0.001"/>
  <testcase name="testResponseContentCompleted" classname="org.apache.hc.core5.http.impl.nio.TestHttpAsyncService" time="0.001"/>
  <testcase name="testResponseContent" classname="org.apache.hc.core5.http.impl.nio.TestHttpAsyncService" time="0.001"/>
  <testcase name="testResponseHandlePipelinedRequest" classname="org.apache.hc.core5.http.impl.nio.TestHttpAsyncService" time="0.001"/>
  <testcase name="testTimeoutClosingConnection" classname="org.apache.hc.core5.http.impl.nio.TestHttpAsyncService" time="0.001"/>
  <testcase name="testInvalidConstruction" classname="org.apache.hc.core5.http.impl.nio.TestHttpAsyncService" time="0"/>
  <testcase name="testRequestContentCompletedEarlyResponse" classname="org.apache.hc.core5.http.impl.nio.TestHttpAsyncService" time="0.002"/>
  <testcase name="testRequestExpectationNoHandshakeIfResponseInitiated" classname="org.apache.hc.core5.http.impl.nio.TestHttpAsyncService" time="0.001"/>
  <testcase name="testEndOfInputNoTimeout" classname="org.apache.hc.core5.http.impl.nio.TestHttpAsyncService" time="0.001"/>
  <testcase name="testRequestContinue" classname="org.apache.hc.core5.http.impl.nio.TestHttpAsyncService" time="0"/>
  <testcase name="testHttpExceptionHandlingIOException" classname="org.apache.hc.core5.http.impl.nio.TestHttpAsyncService" time="0.002"/>
  <testcase name="testRequestCompletedWithException" classname="org.apache.hc.core5.http.impl.nio.TestHttpAsyncService" time="0.001"/>
  <testcase name="testTimeoutActiveConnectionBufferedData" classname="org.apache.hc.core5.http.impl.nio.TestHttpAsyncService" time="0.001"/>
  <testcase name="testResponseHandleFailedPipelinedRequest" classname="org.apache.hc.core5.http.impl.nio.TestHttpAsyncService" time="0.001"/>
  <testcase name="testEntityEnclosingRequestExpectationVerification" classname="org.apache.hc.core5.http.impl.nio.TestHttpAsyncService" time="0.004"/>
  <testcase name="testRequestContent" classname="org.apache.hc.core5.http.impl.nio.TestHttpAsyncService" time="0.001"/>
</testsuite>