<?xml version="1.0" encoding="UTF-8"?>
<testsuite name="org.apache.hc.core5.http.integration.TestAsyncHttp" time="5.548" tests="38" errors="0" skipped="0" failures="0">
  <properties>
    <property name="java.runtime.name" value="Java(TM) SE Runtime Environment"/>
    <property name="sun.boot.library.path" value="/Library/Java/JavaVirtualMachines/jdk1.8.0_65.jdk/Contents/Home/jre/lib"/>
    <property name="java.vm.version" value="25.65-b01"/>
    <property name="gopherProxySet" value="false"/>
    <property name="java.vm.vendor" value="Oracle Corporation"/>
    <property name="maven.multiModuleProjectDirectory" value="/Users/winglam/GoogleDrive/research/dt-impact/experiments/experiments/httpcore"/>
    <property name="java.vendor.url" value="http://java.oracle.com/"/>
    <property name="path.separator" value=":"/>
    <property name="guice.disable.misplaced.annotation.check" value="true"/>
    <property name="java.vm.name" value="Java HotSpot(TM) 64-Bit Server VM"/>
    <property name="file.encoding.pkg" value="sun.io"/>
    <property name="user.country" value="US"/>
    <property name="sun.java.launcher" value="SUN_STANDARD"/>
    <property name="sun.os.patch.level" value="unknown"/>
    <property name="java.vm.specification.name" value="Java Virtual Machine Specification"/>
    <property name="user.dir" value="/Users/winglam/GoogleDrive/research/dt-impact/experiments/experiments/httpcore"/>
    <property name="java.runtime.version" value="1.8.0_65-b17"/>
    <property name="java.awt.graphicsenv" value="sun.awt.CGraphicsEnvironment"/>
    <property name="java.endorsed.dirs" value="/Library/Java/JavaVirtualMachines/jdk1.8.0_65.jdk/Contents/Home/jre/lib/endorsed"/>
    <property name="os.arch" value="x86_64"/>
    <property name="java.io.tmpdir" value="/var/folders/6p/0pw_5_2s40z8sshjd2wmqt2m0000gn/T/"/>
    <property name="line.separator" value="&#10;"/>
    <property name="java.vm.specification.vendor" value="Oracle Corporation"/>
    <property name="os.name" value="Mac OS X"/>
    <property name="classworlds.conf" value="/usr/local/Cellar/maven/3.3.3/libexec/bin/m2.conf"/>
    <property name="sun.jnu.encoding" value="UTF-8"/>
    <property name="java.library.path" value="/Users/winglam/Library/Java/Extensions:/Library/Java/Extensions:/Network/Library/Java/Extensions:/System/Library/Java/Extensions:/usr/lib/java:."/>
    <property name="java.specification.name" value="Java Platform API Specification"/>
    <property name="java.class.version" value="52.0"/>
    <property name="sun.management.compiler" value="HotSpot 64-Bit Tiered Compilers"/>
    <property name="os.version" value="10.11.3"/>
    <property name="http.nonProxyHosts" value="local|*.local|169.254/16|*.169.254/16"/>
    <property name="user.home" value="/Users/winglam"/>
    <property name="user.timezone" value="America/Chicago"/>
    <property name="java.awt.printerjob" value="sun.lwawt.macosx.CPrinterJob"/>
    <property name="java.specification.version" value="1.8"/>
    <property name="file.encoding" value="UTF-8"/>
    <property name="user.name" value="winglam"/>
    <property name="java.class.path" value="/usr/local/Cellar/maven/3.3.3/libexec/boot/plexus-classworlds-2.5.2.jar"/>
    <property name="java.vm.specification.version" value="1.8"/>
    <property name="sun.arch.data.model" value="64"/>
    <property name="java.home" value="/Library/Java/JavaVirtualMachines/jdk1.8.0_65.jdk/Contents/Home/jre"/>
    <property name="sun.java.command" value="org.codehaus.plexus.classworlds.launcher.Launcher install"/>
    <property name="java.specification.vendor" value="Oracle Corporation"/>
    <property name="user.language" value="en"/>
    <property name="awt.toolkit" value="sun.lwawt.macosx.LWCToolkit"/>
    <property name="java.vm.info" value="mixed mode"/>
    <property name="java.version" value="1.8.0_65"/>
    <property name="java.ext.dirs" value="/Users/winglam/Library/Java/Extensions:/Library/Java/JavaVirtualMachines/jdk1.8.0_65.jdk/Contents/Home/jre/lib/ext:/Library/Java/Extensions:/Network/Library/Java/Extensions:/System/Library/Java/Extensions:/usr/lib/java"/>
    <property name="sun.boot.class.path" value="/Library/Java/JavaVirtualMachines/jdk1.8.0_65.jdk/Contents/Home/jre/lib/resources.jar:/Library/Java/JavaVirtualMachines/jdk1.8.0_65.jdk/Contents/Home/jre/lib/rt.jar:/Library/Java/JavaVirtualMachines/jdk1.8.0_65.jdk/Contents/Home/jre/lib/sunrsasign.jar:/Library/Java/JavaVirtualMachines/jdk1.8.0_65.jdk/Contents/Home/jre/lib/jsse.jar:/Library/Java/JavaVirtualMachines/jdk1.8.0_65.jdk/Contents/Home/jre/lib/jce.jar:/Library/Java/JavaVirtualMachines/jdk1.8.0_65.jdk/Contents/Home/jre/lib/charsets.jar:/Library/Java/JavaVirtualMachines/jdk1.8.0_65.jdk/Contents/Home/jre/lib/jfr.jar:/Library/Java/JavaVirtualMachines/jdk1.8.0_65.jdk/Contents/Home/jre/classes"/>
    <property name="java.vendor" value="Oracle Corporation"/>
    <property name="maven.home" value="/usr/local/Cellar/maven/3.3.3/libexec"/>
    <property name="file.separator" value="/"/>
    <property name="java.vendor.url.bug" value="http://bugreport.sun.com/bugreport/"/>
    <property name="sun.cpu.endian" value="little"/>
    <property name="sun.io.unicode.encoding" value="UnicodeBig"/>
    <property name="socksNonProxyHosts" value="local|*.local|169.254/16|*.169.254/16"/>
    <property name="ftp.nonProxyHosts" value="local|*.local|169.254/16|*.169.254/16"/>
    <property name="sun.cpu.isalist" value=""/>
  </properties>
  <testcase name="testHttpPostsHTTP10[http]" classname="org.apache.hc.core5.http.integration.TestAsyncHttp" time="0.132"/>
  <testcase name="testHttpPostIdentity[http]" classname="org.apache.hc.core5.http.integration.TestAsyncHttp" time="0.004"/>
  <testcase name="testHttpPostsWithExpectationVerificationDelayedResponse[http]" classname="org.apache.hc.core5.http.integration.TestAsyncHttp" time="0.114"/>
  <testcase name="testHttpExceptionInHandler[http]" classname="org.apache.hc.core5.http.integration.TestAsyncHttp" time="0.005"/>
  <testcase name="testHttpPostsChunked[http]" classname="org.apache.hc.core5.http.integration.TestAsyncHttp" time="0.014"/>
  <testcase name="testHttpPostsWithExpectContinue[http]" classname="org.apache.hc.core5.http.integration.TestAsyncHttp" time="0.014"/>
  <testcase name="testHttpPostsFailedExpectionConnectionReuse[http]" classname="org.apache.hc.core5.http.integration.TestAsyncHttp" time="0.02"/>
  <testcase name="testAbsentHostHeader[http]" classname="org.apache.hc.core5.http.integration.TestAsyncHttp" time="0.005"/>
  <testcase name="testHttpPostsWithExpectationVerification[http]" classname="org.apache.hc.core5.http.integration.TestAsyncHttp" time="0.003"/>
  <testcase name="testNoServiceHandler[http]" classname="org.apache.hc.core5.http.integration.TestAsyncHttp" time="0.012"/>
  <testcase name="testHttpPostsNoEntity[http]" classname="org.apache.hc.core5.http.integration.TestAsyncHttp" time="0.007"/>
  <testcase name="testHttpGets[http]" classname="org.apache.hc.core5.http.integration.TestAsyncHttp" time="0.008"/>
  <testcase name="testHttpHeadsDelayedResponse[http]" classname="org.apache.hc.core5.http.integration.TestAsyncHttp" time="1.04"/>
  <testcase name="testHttpHeads[http]" classname="org.apache.hc.core5.http.integration.TestAsyncHttp" time="0.008"/>
  <testcase name="testHttpPostsFailedExpectionConnectionReuseLateResponseBody[http]" classname="org.apache.hc.core5.http.integration.TestAsyncHttp" time="1.083"/>
  <testcase name="testHttpPostsWithContentLength[http]" classname="org.apache.hc.core5.http.integration.TestAsyncHttp" time="0.02"/>
  <testcase name="testResponseNoContent[http]" classname="org.apache.hc.core5.http.integration.TestAsyncHttp" time="0.006"/>
  <testcase name="testHttpPostsFailedExpectionContentLengthNonReusableConnection[http]" classname="org.apache.hc.core5.http.integration.TestAsyncHttp" time="0.008"/>
  <testcase name="testHttpPostNoContentLength[http]" classname="org.apache.hc.core5.http.integration.TestAsyncHttp" time="0.003"/>
  <testcase name="testHttpPostsHTTP10[https]" classname="org.apache.hc.core5.http.integration.TestAsyncHttp" time="0.213"/>
  <testcase name="testHttpPostIdentity[https]" classname="org.apache.hc.core5.http.integration.TestAsyncHttp" time="0.02"/>
  <testcase name="testHttpPostsWithExpectationVerificationDelayedResponse[https]" classname="org.apache.hc.core5.http.integration.TestAsyncHttp" time="0.129"/>
  <testcase name="testHttpExceptionInHandler[https]" classname="org.apache.hc.core5.http.integration.TestAsyncHttp" time="0.022"/>
  <testcase name="testHttpPostsChunked[https]" classname="org.apache.hc.core5.http.integration.TestAsyncHttp" time="0.036"/>
  <testcase name="testHttpPostsWithExpectContinue[https]" classname="org.apache.hc.core5.http.integration.TestAsyncHttp" time="0.035"/>
  <testcase name="testHttpPostsFailedExpectionConnectionReuse[https]" classname="org.apache.hc.core5.http.integration.TestAsyncHttp" time="0.031"/>
  <testcase name="testAbsentHostHeader[https]" classname="org.apache.hc.core5.http.integration.TestAsyncHttp" time="0.015"/>
  <testcase name="testHttpPostsWithExpectationVerification[https]" classname="org.apache.hc.core5.http.integration.TestAsyncHttp" time="0.033"/>
  <testcase name="testNoServiceHandler[https]" classname="org.apache.hc.core5.http.integration.TestAsyncHttp" time="0.177"/>
  <testcase name="testHttpPostsNoEntity[https]" classname="org.apache.hc.core5.http.integration.TestAsyncHttp" time="0.03"/>
  <testcase name="testHttpGets[https]" classname="org.apache.hc.core5.http.integration.TestAsyncHttp" time="0.027"/>
  <testcase name="testHttpHeadsDelayedResponse[https]" classname="org.apache.hc.core5.http.integration.TestAsyncHttp" time="1.058"/>
  <testcase name="testHttpHeads[https]" classname="org.apache.hc.core5.http.integration.TestAsyncHttp" time="0.027"/>
  <testcase name="testHttpPostsFailedExpectionConnectionReuseLateResponseBody[https]" classname="org.apache.hc.core5.http.integration.TestAsyncHttp" time="1.098"/>
  <testcase name="testHttpPostsWithContentLength[https]" classname="org.apache.hc.core5.http.integration.TestAsyncHttp" time="0.033"/>
  <testcase name="testResponseNoContent[https]" classname="org.apache.hc.core5.http.integration.TestAsyncHttp" time="0.026"/>
  <testcase name="testHttpPostsFailedExpectionContentLengthNonReusableConnection[https]" classname="org.apache.hc.core5.http.integration.TestAsyncHttp" time="0.019"/>
  <testcase name="testHttpPostNoContentLength[https]" classname="org.apache.hc.core5.http.integration.TestAsyncHttp" time="0.013"/>
</testsuite>